<?xml version="1.0" encoding="UTF-8"?>
<!-- Generated by org.testng.reporters.JUnitReportReporter -->
<testsuite hostname="TGICCL0032" failures="0" tests="2" name="com.sdet.AppTest" time="0.022" errors="0" timestamp="2023-01-10T15:18:42 IST" skipped="0">
  <testcase classname="com.sdet.AppTest" name="testlogin1" time="0.020"/>
  <system-out/>
  <testcase classname="com.sdet.AppTest" name="testlogin2" time="0.002"/>
  <system-out/>
</testsuite> <!-- com.sdet.AppTest -->
